<?xml version="1.0" encoding="UTF-8" ?>
<testsuite tests="16" failures="0" name="FelineTest" time="0.036" errors="0" skipped="0">
  <properties>
[...]
</properties>
  <testcase classname="FelineTest" name="getFamilyTest[0]" time="0.006"/>
  <testcase classname="FelineTest" name="getKittensTest[0]" time="0.005"/>
  <testcase classname="FelineTest" name="eatMeatReturnListFoodsPredatorTest[0]" time="0.005"/>
  <testcase classname="FelineTest" name="getKittensCheckCallGetKittensTest[0]" time="0.01"/>
  <testcase classname="FelineTest" name="getFamilyTest[1]" time="0.001"/>
  <testcase classname="FelineTest" name="getKittensTest[1]" time="0.001"/>
  <testcase classname="FelineTest" name="eatMeatReturnListFoodsPredatorTest[1]" time="0.001"/>
  <testcase classname="FelineTest" name="getKittensCheckCallGetKittensTest[1]" time="0.001"/>
  <testcase classname="FelineTest" name="getFamilyTest[2]" time="0.001"/>
  <testcase classname="FelineTest" name="getKittensTest[2]" time="0.001"/>
  <testcase classname="FelineTest" name="eatMeatReturnListFoodsPredatorTest[2]" time="0.001"/>
  <testcase classname="FelineTest" name="getKittensCheckCallGetKittensTest[2]" time="0.001"/>
  <testcase classname="FelineTest" name="getFamilyTest[3]" time="0"/>
  <testcase classname="FelineTest" name="getKittensTest[3]" time="0"/>
  <testcase classname="FelineTest" name="eatMeatReturnListFoodsPredatorTest[3]" time="0.001"/>
  <testcase classname="FelineTest" name="getKittensCheckCallGetKittensTest[3]" time="0.001"/>
</testsuite>